<?xml version="1.0" encoding="UTF-8"?>
<testng-results ignored="0" total="1" passed="1" failed="0" skipped="0">
  <reporter-output>
  </reporter-output>
  <suite started-at="2020-11-14T12:41:20 EST" name="Surefire suite" finished-at="2020-11-14T12:41:21 EST" duration-ms="244">
    <groups>
    </groups>
    <test started-at="2020-11-14T12:41:20 EST" name="Surefire test" finished-at="2020-11-14T12:41:21 EST" duration-ms="244">
      <class name="com.qa.tests.LoginTest">
        <test-method signature="test1()[pri:0, instance:com.qa.tests.LoginTest@47eaca72]" started-at="2020-11-14T12:41:20 EST" name="test1" finished-at="2020-11-14T12:41:21 EST" duration-ms="162" status="PASS">
          <reporter-output>
          </reporter-output>
        </test-method> <!-- test1 -->
      </class> <!-- com.qa.tests.LoginTest -->
    </test> <!-- Surefire test -->
  </suite> <!-- Surefire suite -->
</testng-results>
